\BOOKMARK [1][-]{section.1}{\376\377\000I\000n\000t\000r\000o\000d\000u\000c\000t\000i\000o\000n}{}% 1
\BOOKMARK [2][-]{subsection.2}{\376\377\000R\000e\000s\000e\000a\000r\000c\000h\000\040\000G\000a\000p}{section.1}% 2
\BOOKMARK [2][-]{subsection.6}{\376\377\000C\000o\000n\000t\000r\000i\000b\000u\000t\000i\000o\000n\000s}{section.1}% 3
\BOOKMARK [2][-]{subsection.11}{\376\377\000K\000e\000y\000\040\000F\000i\000n\000d\000i\000n\000g\000s\000\040\000P\000r\000e\000v\000i\000e\000w}{section.1}% 4
\BOOKMARK [1][-]{section.14}{\376\377\000L\000i\000t\000e\000r\000a\000t\000u\000r\000e\000\040\000a\000n\000d\000\040\000T\000h\000e\000o\000r\000e\000t\000i\000c\000a\000l\000\040\000F\000r\000a\000m\000e\000w\000o\000r\000k}{}% 5
\BOOKMARK [2][-]{subsection.15}{\376\377\000R\000e\000l\000a\000t\000e\000d\000\040\000L\000i\000t\000e\000r\000a\000t\000u\000r\000e}{section.14}% 6
\BOOKMARK [3][-]{subsubsection.16}{\376\377\000T\000h\000e\000\040\000E\000n\000v\000i\000r\000o\000n\000m\000e\000n\000t\000a\000l\000\040\000K\000u\000z\000n\000e\000t\000s\000\040\000C\000u\000r\000v\000e}{subsection.15}% 7
\BOOKMARK [3][-]{subsubsection.17}{\376\377\000D\000i\000g\000i\000t\000a\000l\000i\000z\000a\000t\000i\000o\000n\000\040\000a\000n\000d\000\040\000t\000h\000e\000\040\000E\000n\000v\000i\000r\000o\000n\000m\000e\000n\000t}{subsection.15}% 8
\BOOKMARK [3][-]{subsubsection.18}{\376\377\000C\000a\000u\000s\000a\000l\000\040\000I\000n\000f\000e\000r\000e\000n\000c\000e\000\040\000i\000n\000\040\000E\000n\000v\000i\000r\000o\000n\000m\000e\000n\000t\000a\000l\000\040\000E\000c\000o\000n\000o\000m\000i\000c\000s}{subsection.15}% 9
\BOOKMARK [2][-]{subsection.19}{\376\377\000T\000h\000e\000o\000r\000e\000t\000i\000c\000a\000l\000\040\000F\000r\000a\000m\000e\000w\000o\000r\000k\000:\000\040\000T\000w\000o\000-\000D\000i\000m\000e\000n\000s\000i\000o\000n\000a\000l\000\040\000D\000i\000g\000i\000t\000a\000l\000i\000z\000a\000t\000i\000o\000n}{section.14}% 10
\BOOKMARK [3][-]{subsubsection.22}{\376\377\000C\000o\000n\000n\000e\000c\000t\000i\000o\000n\000\040\000t\000o\000\040\000S\000t\000r\000u\000c\000t\000u\000r\000a\000l\000\040\000T\000r\000a\000n\000s\000f\000o\000r\000m\000a\000t\000i\000o\000n\000\040\000T\000h\000e\000o\000r\000y}{subsection.19}% 11
\BOOKMARK [3][-]{subsubsection.23}{\376\377\000I\000n\000s\000t\000i\000t\000u\000t\000i\000o\000n\000a\000l\000\040\000E\000c\000o\000n\000o\000m\000i\000c\000s\000\040\000P\000e\000r\000s\000p\000e\000c\000t\000i\000v\000e}{subsection.19}% 12
\BOOKMARK [2][-]{subsection.24}{\376\377\000R\000e\000s\000e\000a\000r\000c\000h\000\040\000H\000y\000p\000o\000t\000h\000e\000s\000e\000s}{section.14}% 13
\BOOKMARK [2][-]{subsection.30}{\376\377\000W\000h\000y\000\040\000C\000a\000u\000s\000a\000l\000\040\000F\000o\000r\000e\000s\000t\000s\000?}{section.14}% 14
\BOOKMARK [1][-]{section.34}{\376\377\000D\000a\000t\000a\000\040\000a\000n\000d\000\040\000S\000a\000m\000p\000l\000e\000\040\000C\000o\000n\000s\000t\000r\000u\000c\000t\000i\000o\000n}{}% 15
\BOOKMARK [2][-]{subsection.35}{\376\377\000D\000a\000t\000a\000\040\000S\000o\000u\000r\000c\000e\000s}{section.34}% 16
\BOOKMARK [2][-]{subsection.36}{\376\377\000S\000a\000m\000p\000l\000e\000\040\000S\000e\000l\000e\000c\000t\000i\000o\000n}{section.34}% 17
\BOOKMARK [2][-]{subsection.37}{\376\377\000V\000a\000r\000i\000a\000b\000l\000e\000\040\000D\000e\000f\000i\000n\000i\000t\000i\000o\000n\000s}{section.34}% 18
\BOOKMARK [2][-]{subsection.40}{\376\377\000D\000e\000s\000c\000r\000i\000p\000t\000i\000v\000e\000\040\000S\000t\000a\000t\000i\000s\000t\000i\000c\000s}{section.34}% 19
\BOOKMARK [1][-]{section.45}{\376\377\000M\000e\000t\000h\000o\000d\000o\000l\000o\000g\000y}{}% 20
\BOOKMARK [2][-]{subsection.46}{\376\377\000F\000r\000o\000m\000\040\000L\000i\000n\000e\000a\000r\000\040\000D\000M\000L\000\040\000t\000o\000\040\000C\000a\000u\000s\000a\000l\000\040\000F\000o\000r\000e\000s\000t}{section.45}% 21
\BOOKMARK [2][-]{subsection.48}{\376\377\000C\000a\000u\000s\000a\000l\000\040\000F\000o\000r\000e\000s\000t\000\040\000I\000m\000p\000l\000e\000m\000e\000n\000t\000a\000t\000i\000o\000n}{section.45}% 22
\BOOKMARK [2][-]{subsection.51}{\376\377\000R\000i\000g\000o\000r\000o\000u\000s\000\040\000I\000n\000f\000e\000r\000e\000n\000c\000e\000\040\000S\000t\000r\000a\000t\000e\000g\000y}{section.45}% 23
\BOOKMARK [2][-]{subsection.52}{\376\377\000S\000m\000a\000l\000l\000\040\000S\000a\000m\000p\000l\000e\000\040\000R\000o\000b\000u\000s\000t\000n\000e\000s\000s}{section.45}% 24
\BOOKMARK [2][-]{subsection.56}{\376\377\000M\000o\000d\000e\000l\000\040\000L\000a\000d\000d\000e\000r}{section.45}% 25
\BOOKMARK [1][-]{section.61}{\376\377\000E\000m\000p\000i\000r\000i\000c\000a\000l\000\040\000R\000e\000s\000u\000l\000t\000s}{}% 26
\BOOKMARK [2][-]{subsection.62}{\376\377\000H\000e\000t\000e\000r\000o\000g\000e\000n\000e\000i\000t\000y\000\040\000V\000e\000r\000i\000f\000i\000c\000a\000t\000i\000o\000n\000\040\000\050\000P\000h\000a\000s\000e\000\040\0001\000\051}{section.61}% 27
\BOOKMARK [2][-]{subsection.66}{\376\377\000T\000h\000e\000\040\000M\000o\000d\000e\000l\000\040\000L\000a\000d\000d\000e\000r\000:\000\040\000W\000h\000y\000\040\000N\000o\000n\000-\000L\000i\000n\000e\000a\000r\000i\000t\000y\000\040\000M\000a\000t\000t\000e\000r\000s}{section.61}% 28
\BOOKMARK [2][-]{subsection.69}{\376\377\000G\000r\000o\000u\000p\000\040\000A\000v\000e\000r\000a\000g\000e\000\040\000T\000r\000e\000a\000t\000m\000e\000n\000t\000\040\000E\000f\000f\000e\000c\000t\000s\000\040\000\050\000G\000A\000T\000E\000s\000\051}{section.61}% 29
\BOOKMARK [2][-]{subsection.72}{\376\377\000R\000o\000b\000u\000s\000t\000n\000e\000s\000s\000:\000\040\000P\000l\000a\000c\000e\000b\000o\000,\000\040\000L\000O\000C\000O\000,\000\040\000a\000n\000d\000\040\000I\000V}{section.61}% 30
\BOOKMARK [3][-]{subsubsection.73}{\376\377\000I\000n\000s\000t\000r\000u\000m\000e\000n\000t\000a\000l\000\040\000V\000a\000r\000i\000a\000b\000l\000e\000\040\000A\000n\000a\000l\000y\000s\000i\000s}{subsection.72}% 31
\BOOKMARK [3][-]{subsubsection.76}{\376\377\000P\000l\000a\000c\000e\000b\000o\000\040\000T\000e\000s\000t}{subsection.72}% 32
\BOOKMARK [3][-]{subsubsection.77}{\376\377\000L\000O\000C\000O\000\040\000S\000t\000a\000b\000i\000l\000i\000t\000y}{subsection.72}% 33
\BOOKMARK [2][-]{subsection.78}{\376\377\000P\000o\000l\000i\000c\000y\000\040\000E\000x\000c\000e\000p\000t\000i\000o\000n\000s\000\040\000\050\000W\000e\000a\000k\000e\000s\000t\000\040\000R\000e\000d\000u\000c\000t\000i\000o\000n\000s\000\051}{section.61}% 34
\BOOKMARK [2][-]{subsection.81}{\376\377\000S\000o\000u\000r\000c\000e\000s\000\040\000o\000f\000\040\000H\000e\000t\000e\000r\000o\000g\000e\000n\000e\000i\000t\000y}{section.61}% 35
\BOOKMARK [2][-]{subsection.84}{\376\377\000V\000i\000s\000u\000a\000l\000i\000z\000i\000n\000g\000\040\000t\000h\000e\000\040\000D\000i\000v\000i\000d\000e}{section.61}% 36
\BOOKMARK [3][-]{subsubsection.85}{\376\377\000F\000i\000g\000u\000r\000e\000\040\0001\000:\000\040\000W\000h\000y\000\040\000L\000i\000n\000e\000a\000r\000\040\000M\000o\000d\000e\000l\000s\000\040\000F\000a\000i\000l}{subsection.84}% 37
\BOOKMARK [3][-]{subsubsection.88}{\376\377\000F\000i\000g\000u\000r\000e\000\040\0002\000:\000\040\000T\000h\000e\000\040\000O\000f\000f\000-\000D\000i\000a\000g\000o\000n\000a\000l\000\040\000A\000n\000a\000l\000y\000s\000i\000s}{subsection.84}% 38
\BOOKMARK [3][-]{subsubsection.91}{\376\377\000F\000i\000g\000u\000r\000e\000\040\0003\000:\000\040\000G\000r\000o\000u\000p\000\040\000A\000v\000e\000r\000a\000g\000e\000\040\000T\000r\000e\000a\000t\000m\000e\000n\000t\000\040\000E\000f\000f\000e\000c\000t\000s\000\040\000\050\000G\000A\000T\000E\000s\000\051}{subsection.84}% 39
\BOOKMARK [3][-]{subsubsection.94}{\376\377\000F\000i\000g\000u\000r\000e\000\040\0004\000:\000\040\000M\000e\000c\000h\000a\000n\000i\000s\000m\000\040\000A\000n\000a\000l\000y\000s\000i\000s\000\040\000-\000\040\000R\000e\000n\000e\000w\000a\000b\000l\000e\000\040\000E\000n\000e\000r\000g\000y\000\040\000P\000a\000r\000a\000d\000o\000x}{subsection.84}% 40
\BOOKMARK [1][-]{section.97}{\376\377\000S\000e\000n\000s\000i\000t\000i\000v\000i\000t\000y\000\040\000A\000n\000a\000l\000y\000s\000i\000s\000\040\000R\000e\000s\000u\000l\000t\000s}{}% 41
\BOOKMARK [2][-]{subsection.98}{\376\377\000B\000o\000o\000t\000s\000t\000r\000a\000p\000\040\000C\000o\000n\000v\000e\000r\000g\000e\000n\000c\000e\000\040\000D\000i\000a\000g\000n\000o\000s\000t\000i\000c\000s}{section.97}% 42
\BOOKMARK [2][-]{subsection.101}{\376\377\000S\000a\000m\000p\000l\000e\000\040\000S\000i\000z\000e\000\040\000S\000e\000n\000s\000i\000t\000i\000v\000i\000t\000y}{section.97}% 43
\BOOKMARK [2][-]{subsection.104}{\376\377\000D\000y\000n\000a\000m\000i\000c\000\040\000E\000f\000f\000e\000c\000t\000s\000\040\000A\000n\000a\000l\000y\000s\000i\000s}{section.97}% 44
\BOOKMARK [2][-]{subsection.107}{\376\377\000M\000e\000d\000i\000a\000t\000i\000o\000n\000\040\000A\000n\000a\000l\000y\000s\000i\000s}{section.97}% 45
\BOOKMARK [1][-]{section.110}{\376\377\000D\000i\000s\000c\000u\000s\000s\000i\000o\000n}{}% 46
\BOOKMARK [2][-]{subsection.111}{\376\377\000T\000h\000e\000\040\000D\000i\000g\000i\000t\000a\000l\000\040\000D\000e\000c\000a\000r\000b\000o\000n\000i\000z\000a\000t\000i\000o\000n\000\040\000D\000i\000v\000i\000d\000e}{section.110}% 47
\BOOKMARK [2][-]{subsection.115}{\376\377\000M\000e\000c\000h\000a\000n\000i\000s\000m\000\040\000I\000n\000t\000e\000r\000p\000r\000e\000t\000a\000t\000i\000o\000n}{section.110}% 48
\BOOKMARK [2][-]{subsection.116}{\376\377\000P\000o\000l\000i\000c\000y\000\040\000I\000m\000p\000l\000i\000c\000a\000t\000i\000o\000n\000s}{section.110}% 49
\BOOKMARK [3][-]{subsubsection.117}{\376\377\000F\000o\000r\000\040\000D\000e\000v\000e\000l\000o\000p\000e\000d\000\040\000E\000c\000o\000n\000o\000m\000i\000e\000s}{subsection.116}% 50
\BOOKMARK [3][-]{subsubsection.118}{\376\377\000F\000o\000r\000\040\000D\000e\000v\000e\000l\000o\000p\000i\000n\000g\000\040\000E\000c\000o\000n\000o\000m\000i\000e\000s}{subsection.116}% 51
\BOOKMARK [3][-]{subsubsection.119}{\376\377\000F\000o\000r\000\040\000I\000n\000t\000e\000r\000n\000a\000t\000i\000o\000n\000a\000l\000\040\000O\000r\000g\000a\000n\000i\000z\000a\000t\000i\000o\000n\000s}{subsection.116}% 52
\BOOKMARK [2][-]{subsection.120}{\376\377\000L\000i\000m\000i\000t\000a\000t\000i\000o\000n\000s}{section.110}% 53
\BOOKMARK [1][-]{section.126}{\376\377\000C\000o\000n\000c\000l\000u\000s\000i\000o\000n}{}% 54
\BOOKMARK [2][-]{subsection.131}{\376\377\000D\000e\000c\000i\000s\000i\000o\000n\000\040\000F\000r\000a\000m\000e\000w\000o\000r\000k\000\040\000f\000o\000r\000\040\000P\000o\000l\000i\000c\000y\000m\000a\000k\000e\000r\000s}{section.126}% 55
\BOOKMARK [2][-]{subsection.134}{\376\377\000I\000m\000p\000l\000e\000m\000e\000n\000t\000a\000t\000i\000o\000n\000\040\000C\000h\000e\000c\000k\000l\000i\000s\000t}{section.126}% 56
