\BOOKMARK [1][-]{section.1}{\376\377\137\025\212\000}{}% 1
\BOOKMARK [2][-]{subsection.2}{\376\377\166\370\121\163\145\207\163\056}{section.1}% 2
\BOOKMARK [2][-]{subsection.3}{\376\377\170\024\172\166\120\107\213\276}{section.1}% 3
\BOOKMARK [2][-]{subsection.9}{\376\377\126\340\147\234\150\356\147\227\166\204\137\305\211\201\140\047}{section.1}% 4
\BOOKMARK [2][-]{subsection.13}{\376\377\215\041\163\056}{section.1}% 5
\BOOKMARK [2][-]{subsection.17}{\376\377\116\073\211\201\123\321\163\260}{section.1}% 6
\BOOKMARK [1][-]{section.20}{\376\377\145\160\143\156\116\016\150\067\147\054\147\204\136\372}{}% 7
\BOOKMARK [2][-]{subsection.21}{\376\377\145\160\143\156\147\145\156\220}{section.20}% 8
\BOOKMARK [2][-]{subsection.22}{\376\377\150\067\147\054\220\011\142\351}{section.20}% 9
\BOOKMARK [2][-]{subsection.23}{\376\377\123\330\221\317}{section.20}% 10
\BOOKMARK [2][-]{subsection.26}{\376\377\130\236\137\072\162\171\137\201\135\345\172\013}{section.20}% 11
\BOOKMARK [2][-]{subsection.27}{\376\377\143\317\217\360\140\047\176\337\213\241}{section.20}% 12
\BOOKMARK [1][-]{section.32}{\376\377\145\271\154\325\213\272}{}% 13
\BOOKMARK [2][-]{subsection.33}{\376\377\116\316\176\277\140\047\000\040\000D\000M\000L\000\040\122\060\126\340\147\234\150\356\147\227}{section.32}% 14
\BOOKMARK [2][-]{subsection.35}{\376\377\126\340\147\234\150\356\147\227\133\236\145\275}{section.32}% 15
\BOOKMARK [2][-]{subsection.38}{\376\377\116\045\214\050\166\204\143\250\145\255\173\126\165\145}{section.32}% 16
\BOOKMARK [2][-]{subsection.39}{\376\377\152\041\127\213\226\066\150\257}{section.32}% 17
\BOOKMARK [1][-]{section.44}{\376\377\133\236\213\301\176\323\147\234}{}% 18
\BOOKMARK [2][-]{subsection.45}{\376\377\137\002\215\050\140\047\232\214\213\301\000\040\000\050\173\054\116\000\226\066\153\265\000\051}{section.44}% 19
\BOOKMARK [2][-]{subsection.49}{\376\377\152\041\127\213\226\066\150\257\377\032\116\072\116\300\116\110\227\136\176\277\140\047\137\210\221\315\211\201}{section.44}% 20
\BOOKMARK [2][-]{subsection.52}{\376\377\176\304\136\163\127\107\131\004\164\006\145\110\136\224\000\040\000\050\000G\000A\000T\000E\000s\000\051}{section.44}% 21
\BOOKMARK [3][-]{subsubsection.55}{\376\377\172\063\120\145\140\047\377\032\133\211\141\160\122\102\060\001\000L\000O\000C\000O\000\040\116\016\000\040\000I\000V}{subsection.52}% 22
\BOOKMARK [3][-]{subsubsection.56}{\376\377\145\117\141\037\140\047\122\006\147\220\116\016\145\271\154\325\133\371\153\324}{subsection.52}% 23
\BOOKMARK [3][-]{subsubsection.59}{\376\377\145\077\173\126\117\213\131\026\377\010\147\000\137\061\121\317\143\222\377\011}{subsection.52}% 24
\BOOKMARK [2][-]{subsection.62}{\376\377\137\002\215\050\140\047\147\145\156\220}{section.44}% 25
\BOOKMARK [2][-]{subsection.65}{\376\377\123\357\211\306\123\026\236\077\154\237}{section.44}% 26
\BOOKMARK [3][-]{subsubsection.66}{\376\377\126\376\000\040\0001\377\032\116\072\117\125\176\277\140\047\152\041\127\213\131\061\145\110}{subsection.65}% 27
\BOOKMARK [3][-]{subsubsection.69}{\376\377\126\376\000\040\0002\377\032\227\136\133\371\211\322\176\277\122\006\147\220}{subsection.65}% 28
\BOOKMARK [3][-]{subsubsection.72}{\376\377\126\376\000\040\0003\377\032\176\304\136\163\127\107\131\004\164\006\145\110\136\224\000\040\000\050\000G\000A\000T\000E\000s\000\051}{subsection.65}% 29
\BOOKMARK [3][-]{subsubsection.75}{\376\377\126\376\000\040\0004\377\032\147\072\122\066\122\006\147\220\000\040\000-\000\040\123\357\121\215\165\037\200\375\156\220\140\226\213\272}{subsection.65}% 30
\BOOKMARK [1][-]{section.78}{\376\377\213\250\213\272}{}% 31
\BOOKMARK [2][-]{subsection.79}{\376\377\145\160\133\127\201\061\170\263\236\077\154\237}{section.78}% 32
\BOOKMARK [2][-]{subsection.83}{\376\377\147\072\122\066\211\343\221\312}{section.78}% 33
\BOOKMARK [2][-]{subsection.84}{\376\377\145\077\173\126\124\057\171\072}{section.78}% 34
\BOOKMARK [2][-]{subsection.85}{\376\377\145\077\173\126\135\345\121\167\123\005\116\016\133\236\232\214\150\106\147\266}{section.78}% 35
\BOOKMARK [2][-]{subsection.86}{\376\377\164\006\213\272\215\041\163\056}{section.78}% 36
\BOOKMARK [2][-]{subsection.91}{\376\377\134\100\226\120\140\047}{section.78}% 37
\BOOKMARK [1][-]{section.99}{\376\377\176\323\213\272}{}% 38
