\BOOKMARK [1][-]{section.1}{\376\377\137\025\212\000}{}% 1
\BOOKMARK [2][-]{subsection.1.1}{\376\377\145\207\163\056\176\374\217\360}{section.1}% 2
\BOOKMARK [2][-]{subsection.1.2}{\376\377\170\024\172\166\215\041\163\056}{section.1}% 3
\BOOKMARK [2][-]{subsection.1.3}{\376\377\150\070\137\303\123\321\163\260}{section.1}% 4
\BOOKMARK [1][-]{section.2}{\376\377\145\160\143\156\116\016\150\067\147\054\147\204\136\372}{}% 5
\BOOKMARK [2][-]{subsection.2.1}{\376\377\145\160\143\156\147\145\156\220}{section.2}% 6
\BOOKMARK [2][-]{subsection.2.2}{\376\377\150\067\147\054\220\011\142\351}{section.2}% 7
\BOOKMARK [2][-]{subsection.2.3}{\376\377\123\330\221\317\133\232\116\111}{section.2}% 8
\BOOKMARK [2][-]{subsection.2.4}{\376\377\143\317\217\360\140\047\176\337\213\241}{section.2}% 9
\BOOKMARK [2][-]{subsection.2.5}{\376\377\177\072\131\061\145\160\143\156\131\004\164\006}{section.2}% 10
\BOOKMARK [1][-]{section.3}{\376\377\170\024\172\166\145\271\154\325}{}% 11
\BOOKMARK [2][-]{subsection.3.1}{\376\377\227\142\147\177\000D\000M\000L\150\106\147\266}{section.3}% 12
\BOOKMARK [2][-]{subsection.3.2}{\376\377\213\306\122\053\120\107\213\276}{section.3}% 13
\BOOKMARK [2][-]{subsection.3.3}{\376\377\136\162\142\160\133\146\116\140\126\150}{section.3}% 14
\BOOKMARK [2][-]{subsection.3.4}{\376\377\116\244\123\311\232\214\213\301\173\126\165\145}{section.3}% 15
\BOOKMARK [2][-]{subsection.3.5}{\376\377\200\132\174\173\143\250\145\255}{section.3}% 16
\BOOKMARK [2][-]{subsection.3.6}{\376\377\123\330\221\317\220\011\142\351}{section.3}% 17
\BOOKMARK [1][-]{section.4}{\376\377\133\236\213\301\176\323\147\234}{}% 18
\BOOKMARK [2][-]{subsection.4.1}{\376\377\116\073\211\201\126\340\147\234\117\060\213\241}{section.4}% 19
\BOOKMARK [2][-]{subsection.4.2}{\376\377\176\323\147\234\211\343\213\373}{section.4}% 20
\BOOKMARK [2][-]{subsection.4.3}{\376\377\147\072\122\066\122\006\147\220}{section.4}% 21
\BOOKMARK [2][-]{subsection.4.4}{\376\377\143\242\175\042\140\047\227\136\176\277\140\047\213\301\143\156}{section.4}% 22
\BOOKMARK [1][-]{section.5}{\376\377\213\250\213\272}{}% 23
\BOOKMARK [2][-]{subsection.5.1}{\376\377\176\323\147\234\211\343\213\373}{section.5}% 24
\BOOKMARK [2][-]{subsection.5.2}{\376\377\116\016\121\110\122\115\145\207\163\056\166\204\153\324\217\203}{section.5}% 25
\BOOKMARK [2][-]{subsection.5.3}{\376\377\134\100\226\120\140\047}{section.5}% 26
\BOOKMARK [2][-]{subsection.5.4}{\376\377\145\077\173\126\124\057\171\072}{section.5}% 27
\BOOKMARK [1][-]{section.6}{\376\377\176\323\213\272}{}% 28
\BOOKMARK [2][-]{subsection.6.1}{\376\377\147\052\147\145\170\024\172\166\145\271\124\021}{section.6}% 29
